[0m[[31merror[0m] [0mTest [33mScenario: Check navigation to ebay home page[0m.[31mGiven I navigate to the "ebay home" page[0m failed: cucumber.runtime.[31mCucumberException[0m: Arity mismatch: Step Definition 'CommonStepDef.scala:11' with pattern [^I navigate to the "(.*)" page$] is declared with 0 parameters. However, the gherkin step has 1 arguments [ebay home]. [0m
[0m[[31merror[0m] [0mStep: Given I navigate to the "ebay home" page, took 0.003 sec[0m
[0m[[31merror[0m] [0m    at cucumber.runtime.StepDefinitionMatch.arityMismatch(StepDefinitionMatch.java:102)[0m
[0m[[31merror[0m] [0m    at cucumber.runtime.StepDefinitionMatch.transformedArgs(StepDefinitionMatch.java:60)[0m
[0m[[31merror[0m] [0m    at cucumber.runtime.StepDefinitionMatch.runStep(StepDefinitionMatch.java:37)[0m
[0m[[31merror[0m] [0m    at cucumber.runtime.Runtime.runStep(Runtime.java:299)[0m
[0m[[31merror[0m] [0m    at cucumber.runtime.model.StepContainer.runStep(StepContainer.java:44)[0m
[0m[[31merror[0m] [0m    at cucumber.runtime.model.StepContainer.runSteps(StepContainer.java:39)[0m
[0m[[31merror[0m] [0m    at cucumber.runtime.model.CucumberScenario.run(CucumberScenario.java:44)[0m
[0m[[31merror[0m] [0m    at cucumber.runtime.junit.ExecutionUnitRunner.run(ExecutionUnitRunner.java:91)[0m
[0m[[31merror[0m] [0m    at cucumber.runtime.junit.FeatureRunner.runChild(FeatureRunner.java:63)[0m
[0m[[31merror[0m] [0m    at cucumber.runtime.junit.FeatureRunner.runChild(FeatureRunner.java:18)[0m
[0m[[31merror[0m] [0m    ...[0m
[0m[[31merror[0m] [0mTest [33mScenario: Check navigation to ebay home page[0m failed: cucumber.runtime.[31mCucumberException[0m: Arity mismatch: Step Definition 'CommonStepDef.scala:11' with pattern [^I navigate to the "(.*)" page$] is declared with 0 parameters. However, the gherkin step has 1 arguments [ebay home]. [0m
[0m[[31merror[0m] [0mStep: Given I navigate to the "ebay home" page, took 0.291 sec[0m
[0m[[31merror[0m] [0m    at cucumber.runtime.StepDefinitionMatch.arityMismatch(StepDefinitionMatch.java:102)[0m
[0m[[31merror[0m] [0m    at cucumber.runtime.StepDefinitionMatch.transformedArgs(StepDefinitionMatch.java:60)[0m
[0m[[31merror[0m] [0m    at cucumber.runtime.StepDefinitionMatch.runStep(StepDefinitionMatch.java:37)[0m
[0m[[31merror[0m] [0m    at cucumber.runtime.Runtime.runStep(Runtime.java:299)[0m
[0m[[31merror[0m] [0m    at cucumber.runtime.model.StepContainer.runStep(StepContainer.java:44)[0m
[0m[[31merror[0m] [0m    at cucumber.runtime.model.StepContainer.runSteps(StepContainer.java:39)[0m
[0m[[31merror[0m] [0m    at cucumber.runtime.model.CucumberScenario.run(CucumberScenario.java:44)[0m
[0m[[31merror[0m] [0m    at cucumber.runtime.junit.ExecutionUnitRunner.run(ExecutionUnitRunner.java:91)[0m
[0m[[31merror[0m] [0m    at cucumber.runtime.junit.FeatureRunner.runChild(FeatureRunner.java:63)[0m
[0m[[31merror[0m] [0m    at cucumber.runtime.junit.FeatureRunner.runChild(FeatureRunner.java:18)[0m
[0m[[31merror[0m] [0m    ...[0m
[0m[[0minfo[0m] [0mTest [33mScenario: Check navigation to ebay home page[0m.[36mThen I will be on the "ebay home" page[0m ignored[0m
